# JRE version: Java(TM) SE Runtime Environment (8.0_40-b26) (build 1.8.0_40-b26)
# Java VM: Java HotSpot(TM) 64-Bit Server VM (25.40-b25 mixed mode windows-amd64 compressed oops)
Heap:
 PSYoungGen      total 512512K, used 226709K [0x00000000d5d00000, 0x00000000f8a00000, 0x0000000100000000)
  eden space 495104K, 42% used [0x00000000d5d00000,0x00000000e2965c28,0x00000000f4080000)
  from space 17408K, 99% used [0x00000000f5900000,0x00000000f69ffb00,0x00000000f6a00000)
  to   space 25088K, 0% used [0x00000000f4080000,0x00000000f4080000,0x00000000f5900000)
 ParOldGen       total 114688K, used 46872K [0x0000000081600000, 0x0000000088600000, 0x00000000d5d00000)
  object space 114688K, 40% used [0x0000000081600000,0x00000000843c61b8,0x0000000088600000)
 Metaspace       used 84879K, capacity 90544K, committed 90840K, reserved 1130496K
  class space    used 7877K, capacity 9579K, committed 9688K, reserved 1048576K
GC Heap History (10 events):
Event: 11.986 GC heap before
{Heap before GC invocations=15 (full 2):
 PSYoungGen      total 369152K, used 227374K [0x00000000d5d00000, 0x00000000ef280000, 0x0000000100000000)
  eden space 356864K, 60% used [0x00000000d5d00000,0x00000000e2f0fca8,0x00000000eb980000)
  from space 12288K, 99% used [0x00000000ec800000,0x00000000ed3fbd48,0x00000000ed400000)
  to   space 14848K, 0% used [0x00000000eb980000,0x00000000eb980000,0x00000000ec800000)
 ParOldGen       total 79360K, used 20121K [0x0000000081600000, 0x0000000086380000, 0x00000000d5d00000)
  object space 79360K, 25% used [0x0000000081600000,0x00000000829a64f8,0x0000000086380000)
 Metaspace       used 55308K, capacity 58862K, committed 59028K, reserved 1101824K
  class space    used 5225K, capacity 6338K, committed 6360K, reserved 1048576K
Event: 12.001 GC heap after
Heap after GC invocations=15 (full 2):
 PSYoungGen      total 371712K, used 8645K [0x00000000d5d00000, 0x00000000f3680000, 0x0000000100000000)
  eden space 356864K, 0% used [0x00000000d5d00000,0x00000000d5d00000,0x00000000eb980000)
  from space 14848K, 58% used [0x00000000eb980000,0x00000000ec1f1630,0x00000000ec800000)
  to   space 14336K, 0% used [0x00000000f2880000,0x00000000f2880000,0x00000000f3680000)
 ParOldGen       total 79360K, used 25702K [0x0000000081600000, 0x0000000086380000, 0x00000000d5d00000)
  object space 79360K, 32% used [0x0000000081600000,0x0000000082f19a70,0x0000000086380000)
 Metaspace       used 55308K, capacity 58862K, committed 59028K, reserved 1101824K
  class space    used 5225K, capacity 6338K, committed 6360K, reserved 1048576K
}
Event: 12.001 GC heap before
{Heap before GC invocations=16 (full 3):
 PSYoungGen      total 371712K, used 8645K [0x00000000d5d00000, 0x00000000f3680000, 0x0000000100000000)
  eden space 356864K, 0% used [0x00000000d5d00000,0x00000000d5d00000,0x00000000eb980000)
  from space 14848K, 58% used [0x00000000eb980000,0x00000000ec1f1630,0x00000000ec800000)
  to   space 14336K, 0% used [0x00000000f2880000,0x00000000f2880000,0x00000000f3680000)
 ParOldGen       total 79360K, used 25702K [0x0000000081600000, 0x0000000086380000, 0x00000000d5d00000)
  object space 79360K, 32% used [0x0000000081600000,0x0000000082f19a70,0x0000000086380000)
 Metaspace       used 55308K, capacity 58862K, committed 59028K, reserved 1101824K
  class space    used 5225K, capacity 6338K, committed 6360K, reserved 1048576K
Event: 12.243 GC heap after
Heap after GC invocations=16 (full 3):
 PSYoungGen      total 371712K, used 0K [0x00000000d5d00000, 0x00000000f3680000, 0x0000000100000000)
  eden space 356864K, 0% used [0x00000000d5d00000,0x00000000d5d00000,0x00000000eb980000)
  from space 14848K, 0% used [0x00000000eb980000,0x00000000eb980000,0x00000000ec800000)
  to   space 14336K, 0% used [0x00000000f2880000,0x00000000f2880000,0x00000000f3680000)
 ParOldGen       total 114688K, used 29521K [0x0000000081600000, 0x0000000088600000, 0x00000000d5d00000)
  object space 114688K, 25% used [0x0000000081600000,0x00000000832d44f8,0x0000000088600000)
 Metaspace       used 55308K, capacity 58862K, committed 59028K, reserved 1101824K
  class space    used 5225K, capacity 6338K, committed 6360K, reserved 1048576K
}
Event: 14.514 GC heap before
{Heap before GC invocations=17 (full 3):
 PSYoungGen      total 371712K, used 356864K [0x00000000d5d00000, 0x00000000f3680000, 0x0000000100000000)
  eden space 356864K, 100% used [0x00000000d5d00000,0x00000000eb980000,0x00000000eb980000)
  from space 14848K, 0% used [0x00000000eb980000,0x00000000eb980000,0x00000000ec800000)
  to   space 14336K, 0% used [0x00000000f2880000,0x00000000f2880000,0x00000000f3680000)
 ParOldGen       total 114688K, used 29521K [0x0000000081600000, 0x0000000088600000, 0x00000000d5d00000)
  object space 114688K, 25% used [0x0000000081600000,0x00000000832d44f8,0x0000000088600000)
 Metaspace       used 60625K, capacity 64592K, committed 64728K, reserved 1107968K
  class space    used 5619K, capacity 6803K, committed 6872K, reserved 1048576K
Event: 14.532 GC heap after
Heap after GC invocations=17 (full 3):
 PSYoungGen      total 440832K, used 10905K [0x00000000d5d00000, 0x00000000f3380000, 0x0000000100000000)
  eden space 429568K, 0% used [0x00000000d5d00000,0x00000000d5d00000,0x00000000f0080000)
  from space 11264K, 96% used [0x00000000f2880000,0x00000000f3326760,0x00000000f3380000)
  to   space 14848K, 0% used [0x00000000f1680000,0x00000000f1680000,0x00000000f2500000)
 ParOldGen       total 114688K, used 29529K [0x0000000081600000, 0x0000000088600000, 0x00000000d5d00000)
  object space 114688K, 25% used [0x0000000081600000,0x00000000832d64f8,0x0000000088600000)
 Metaspace       used 60625K, capacity 64592K, committed 64728K, reserved 1107968K
  class space    used 5619K, capacity 6803K, committed 6872K, reserved 1048576K
}
Event: 32.632 GC heap before
{Heap before GC invocations=18 (full 3):
 PSYoungGen      total 440832K, used 440473K [0x00000000d5d00000, 0x00000000f3380000, 0x0000000100000000)
  eden space 429568K, 100% used [0x00000000d5d00000,0x00000000f0080000,0x00000000f0080000)
  from space 11264K, 96% used [0x00000000f2880000,0x00000000f3326760,0x00000000f3380000)
  to   space 14848K, 0% used [0x00000000f1680000,0x00000000f1680000,0x00000000f2500000)
 ParOldGen       total 114688K, used 29529K [0x0000000081600000, 0x0000000088600000, 0x00000000d5d00000)
  object space 114688K, 25% used [0x0000000081600000,0x00000000832d64f8,0x0000000088600000)
 Metaspace       used 67934K, capacity 72692K, committed 72792K, reserved 1114112K
  class space    used 6327K, capacity 7709K, committed 7768K, reserved 1048576K
Event: 32.661 GC heap after
Heap after GC invocations=18 (full 3):
 PSYoungGen      total 466944K, used 14829K [0x00000000d5d00000, 0x00000000f6a00000, 0x0000000100000000)
  eden space 452096K, 0% used [0x00000000d5d00000,0x00000000d5d00000,0x00000000f1680000)
  from space 14848K, 99% used [0x00000000f1680000,0x00000000f24fb660,0x00000000f2500000)
  to   space 17408K, 0% used [0x00000000f5900000,0x00000000f5900000,0x00000000f6a00000)
 ParOldGen       total 114688K, used 31696K [0x0000000081600000, 0x0000000088600000, 0x00000000d5d00000)
  object space 114688K, 27% used [0x0000000081600000,0x00000000834f42d0,0x0000000088600000)
 Metaspace       used 67934K, capacity 72692K, committed 72792K, reserved 1114112K
  class space    used 6327K, capacity 7709K, committed 7768K, reserved 1048576K
}
Event: 37.736 GC heap before
{Heap before GC invocations=19 (full 3):
 PSYoungGen      total 466944K, used 466925K [0x00000000d5d00000, 0x00000000f6a00000, 0x0000000100000000)
  eden space 452096K, 100% used [0x00000000d5d00000,0x00000000f1680000,0x00000000f1680000)
  from space 14848K, 99% used [0x00000000f1680000,0x00000000f24fb660,0x00000000f2500000)
  to   space 17408K, 0% used [0x00000000f5900000,0x00000000f5900000,0x00000000f6a00000)
 ParOldGen       total 114688K, used 31696K [0x0000000081600000, 0x0000000088600000, 0x00000000d5d00000)
  object space 114688K, 27% used [0x0000000081600000,0x00000000834f42d0,0x0000000088600000)
 Metaspace       used 79155K, capacity 84594K, committed 84824K, reserved 1124352K
  class space    used 7420K, capacity 8990K, committed 9048K, reserved 1048576K
Event: 37.762 GC heap after
Heap after GC invocations=19 (full 3):
 PSYoungGen      total 512512K, used 17406K [0x00000000d5d00000, 0x00000000f8a00000, 0x0000000100000000)
  eden space 495104K, 0% used [0x00000000d5d00000,0x00000000d5d00000,0x00000000f4080000)
  from space 17408K, 99% used [0x00000000f5900000,0x00000000f69ffb00,0x00000000f6a00000)
  to   space 25088K, 0% used [0x00000000f4080000,0x00000000f4080000,0x00000000f5900000)
 ParOldGen       total 114688K, used 46872K [0x0000000081600000, 0x0000000088600000, 0x00000000d5d00000)
  object space 114688K, 40% used [0x0000000081600000,0x00000000843c61b8,0x0000000088600000)
 Metaspace       used 79155K, capacity 84594K, committed 84824K, reserved 1124352K
  class space    used 7420K, capacity 8990K, committed 9048K, reserved 1048576K
}

